<?xml version="1.0" encoding="UTF-8"?>
<testsuite xmlns:xsi="http://www.w3.org/2001/XMLSchema-instance" xsi:noNamespaceSchemaLocation="https://maven.apache.org/surefire/maven-surefire-plugin/xsd/surefire-test-report-3.0.xsd" version="3.0" name="edu.uga.miage.m1.polygons.gui.persistence.XMLVisitorTest" time="0.127" tests="3" errors="0" skipped="0" failures="0">
  <properties>
    <property name="java.specification.version" value="18"/>
    <property name="sonar.login" value="c4e2693476af1529ef9b6e18abb227424aef9d2c"/>
    <property name="sun.jnu.encoding" value="UTF-8"/>
    <property name="java.class.path" value="/home/ethan/Documents/Drive/M1_MIAGE/PC/VisiteurDuMatin_CHOLVY_IERMOLLI/target/test-classes:/home/ethan/Documents/Drive/M1_MIAGE/PC/VisiteurDuMatin_CHOLVY_IERMOLLI/target/classes:/home/ethan/.m2/repository/org/mockito/mockito-junit-jupiter/4.8.0/mockito-junit-jupiter-4.8.0.jar:/home/ethan/.m2/repository/org/mockito/mockito-core/4.8.0/mockito-core-4.8.0.jar:/home/ethan/.m2/repository/net/bytebuddy/byte-buddy/1.12.14/byte-buddy-1.12.14.jar:/home/ethan/.m2/repository/net/bytebuddy/byte-buddy-agent/1.12.14/byte-buddy-agent-1.12.14.jar:/home/ethan/.m2/repository/org/objenesis/objenesis/3.2/objenesis-3.2.jar:/home/ethan/.m2/repository/org/glassfish/javax.json/1.1.4/javax.json-1.1.4.jar:/home/ethan/.m2/repository/org/junit/jupiter/junit-jupiter-api/5.4.0/junit-jupiter-api-5.4.0.jar:/home/ethan/.m2/repository/org/apiguardian/apiguardian-api/1.0.0/apiguardian-api-1.0.0.jar:/home/ethan/.m2/repository/org/opentest4j/opentest4j/1.1.1/opentest4j-1.1.1.jar:/home/ethan/.m2/repository/org/junit/platform/junit-platform-commons/1.4.0/junit-platform-commons-1.4.0.jar:/home/ethan/.m2/repository/org/junit/jupiter/junit-jupiter-engine/5.4.0/junit-jupiter-engine-5.4.0.jar:/home/ethan/.m2/repository/org/junit/platform/junit-platform-engine/1.4.0/junit-platform-engine-1.4.0.jar:"/>
    <property name="java.vm.vendor" value="Private Build"/>
    <property name="sun.arch.data.model" value="64"/>
    <property name="java.vendor.url" value="Unknown"/>
    <property name="os.name" value="Linux"/>
    <property name="java.vm.specification.version" value="18"/>
    <property name="sun.java.launcher" value="SUN_STANDARD"/>
    <property name="user.country" value="FR"/>
    <property name="sun.boot.library.path" value="/usr/lib/jvm/java-18-openjdk-amd64/lib"/>
    <property name="sun.java.command" value="/home/ethan/Documents/Drive/M1_MIAGE/PC/VisiteurDuMatin_CHOLVY_IERMOLLI/target/surefire/surefirebooter8782670378884007381.jar /home/ethan/Documents/Drive/M1_MIAGE/PC/VisiteurDuMatin_CHOLVY_IERMOLLI/target/surefire 2022-11-14T15-55-07_703-jvmRun1 surefire12701202860019519298tmp surefire_013250792879151133687tmp"/>
    <property name="jdk.debug" value="release"/>
    <property name="surefire.test.class.path" value="/home/ethan/Documents/Drive/M1_MIAGE/PC/VisiteurDuMatin_CHOLVY_IERMOLLI/target/test-classes:/home/ethan/Documents/Drive/M1_MIAGE/PC/VisiteurDuMatin_CHOLVY_IERMOLLI/target/classes:/home/ethan/.m2/repository/org/mockito/mockito-junit-jupiter/4.8.0/mockito-junit-jupiter-4.8.0.jar:/home/ethan/.m2/repository/org/mockito/mockito-core/4.8.0/mockito-core-4.8.0.jar:/home/ethan/.m2/repository/net/bytebuddy/byte-buddy/1.12.14/byte-buddy-1.12.14.jar:/home/ethan/.m2/repository/net/bytebuddy/byte-buddy-agent/1.12.14/byte-buddy-agent-1.12.14.jar:/home/ethan/.m2/repository/org/objenesis/objenesis/3.2/objenesis-3.2.jar:/home/ethan/.m2/repository/org/glassfish/javax.json/1.1.4/javax.json-1.1.4.jar:/home/ethan/.m2/repository/org/junit/jupiter/junit-jupiter-api/5.4.0/junit-jupiter-api-5.4.0.jar:/home/ethan/.m2/repository/org/apiguardian/apiguardian-api/1.0.0/apiguardian-api-1.0.0.jar:/home/ethan/.m2/repository/org/opentest4j/opentest4j/1.1.1/opentest4j-1.1.1.jar:/home/ethan/.m2/repository/org/junit/platform/junit-platform-commons/1.4.0/junit-platform-commons-1.4.0.jar:/home/ethan/.m2/repository/org/junit/jupiter/junit-jupiter-engine/5.4.0/junit-jupiter-engine-5.4.0.jar:/home/ethan/.m2/repository/org/junit/platform/junit-platform-engine/1.4.0/junit-platform-engine-1.4.0.jar:"/>
    <property name="sun.cpu.endian" value="little"/>
    <property name="user.home" value="/home/ethan"/>
    <property name="user.language" value="fr"/>
    <property name="java.specification.vendor" value="Oracle Corporation"/>
    <property name="java.version.date" value="2022-07-19"/>
    <property name="java.home" value="/usr/lib/jvm/java-18-openjdk-amd64"/>
    <property name="file.separator" value="/"/>
    <property name="basedir" value="/home/ethan/Documents/Drive/M1_MIAGE/PC/VisiteurDuMatin_CHOLVY_IERMOLLI"/>
    <property name="java.vm.compressedOopsMode" value="32-bit"/>
    <property name="line.separator" value="&#10;"/>
    <property name="java.vm.specification.vendor" value="Oracle Corporation"/>
    <property name="java.specification.name" value="Java Platform API Specification"/>
    <property name="surefire.real.class.path" value="/home/ethan/Documents/Drive/M1_MIAGE/PC/VisiteurDuMatin_CHOLVY_IERMOLLI/target/surefire/surefirebooter8782670378884007381.jar"/>
    <property name="sun.management.compiler" value="HotSpot 64-Bit Tiered Compilers"/>
    <property name="java.runtime.version" value="18.0.2-ea+9-Ubuntu-222.04"/>
    <property name="user.name" value="ethan"/>
    <property name="path.separator" value=":"/>
    <property name="os.version" value="5.15.0-52-generic"/>
    <property name="java.runtime.name" value="OpenJDK Runtime Environment"/>
    <property name="file.encoding" value="UTF-8"/>
    <property name="java.vm.name" value="OpenJDK 64-Bit Server VM"/>
    <property name="localRepository" value="/home/ethan/.m2/repository"/>
    <property name="java.vendor.url.bug" value="Unknown"/>
    <property name="java.io.tmpdir" value="/tmp"/>
    <property name="java.version" value="18.0.2-ea"/>
    <property name="user.dir" value="/home/ethan/Documents/Drive/M1_MIAGE/PC/VisiteurDuMatin_CHOLVY_IERMOLLI"/>
    <property name="os.arch" value="amd64"/>
    <property name="java.vm.specification.name" value="Java Virtual Machine Specification"/>
    <property name="native.encoding" value="UTF-8"/>
    <property name="java.library.path" value="/usr/java/packages/lib:/usr/lib/x86_64-linux-gnu/jni:/lib/x86_64-linux-gnu:/usr/lib/x86_64-linux-gnu:/usr/lib/jni:/lib:/usr/lib"/>
    <property name="java.vm.info" value="mixed mode, sharing"/>
    <property name="java.vendor" value="Private Build"/>
    <property name="java.vm.version" value="18.0.2-ea+9-Ubuntu-222.04"/>
    <property name="sun.io.unicode.encoding" value="UnicodeLittle"/>
    <property name="java.class.version" value="62.0"/>
  </properties>
  <testcase name="test_circle_visitor" classname="edu.uga.miage.m1.polygons.gui.persistence.XMLVisitorTest" time="0.117"/>
  <testcase name="test_triangle_visitor" classname="edu.uga.miage.m1.polygons.gui.persistence.XMLVisitorTest" time="0.004"/>
  <testcase name="test_square_visitor" classname="edu.uga.miage.m1.polygons.gui.persistence.XMLVisitorTest" time="0.004"/>
</testsuite>