<?xml version="1.0" encoding="UTF-8"?>
<testsuite xmlns:xsi="http://www.w3.org/2001/XMLSchema-instance" xsi:noNamespaceSchemaLocation="https://maven.apache.org/surefire/maven-surefire-plugin/xsd/surefire-test-report-3.0.xsd" version="3.0" name="edu.uga.miage.m1.polygons.gui.shapes.SquareTest" time="0.002" tests="1" errors="0" skipped="0" failures="0">
  <properties>
    <property name="java.specification.version" value="18"/>
    <property name="sun.jnu.encoding" value="UTF-8"/>
    <property name="java.class.path" value="/home/ethan/visiteurDuMatin/target/test-classes:/home/ethan/visiteurDuMatin/target/classes:/home/ethan/.m2/repository/org/mockito/mockito-junit-jupiter/4.8.0/mockito-junit-jupiter-4.8.0.jar:/home/ethan/.m2/repository/org/mockito/mockito-core/4.8.0/mockito-core-4.8.0.jar:/home/ethan/.m2/repository/net/bytebuddy/byte-buddy/1.12.14/byte-buddy-1.12.14.jar:/home/ethan/.m2/repository/net/bytebuddy/byte-buddy-agent/1.12.14/byte-buddy-agent-1.12.14.jar:/home/ethan/.m2/repository/org/objenesis/objenesis/3.2/objenesis-3.2.jar:/home/ethan/.m2/repository/org/glassfish/javax.json/1.1.4/javax.json-1.1.4.jar:/home/ethan/.m2/repository/org/junit/jupiter/junit-jupiter-api/5.9.0/junit-jupiter-api-5.9.0.jar:/home/ethan/.m2/repository/org/opentest4j/opentest4j/1.2.0/opentest4j-1.2.0.jar:/home/ethan/.m2/repository/org/junit/platform/junit-platform-commons/1.9.0/junit-platform-commons-1.9.0.jar:/home/ethan/.m2/repository/org/apiguardian/apiguardian-api/1.1.2/apiguardian-api-1.1.2.jar:/home/ethan/.m2/repository/org/junit/jupiter/junit-jupiter-engine/5.9.0/junit-jupiter-engine-5.9.0.jar:/home/ethan/.m2/repository/org/junit/platform/junit-platform-engine/1.9.0/junit-platform-engine-1.9.0.jar:/home/ethan/.m2/repository/org/webjars/npm/jsonparse/1.3.1/jsonparse-1.3.1.jar:/home/ethan/.m2/repository/com/github/ramalapure/json-parser/1.1/json-parser-1.1.jar:/home/ethan/.m2/repository/org/apache/metamodel/MetaModel-core/5.3.0/MetaModel-core-5.3.0.jar:/home/ethan/.m2/repository/org/apache/metamodel/MetaModel-csv/5.3.0/MetaModel-csv-5.3.0.jar:/home/ethan/.m2/repository/com/opencsv/opencsv/3.9/opencsv-3.9.jar:/home/ethan/.m2/repository/org/apache/commons/commons-lang3/3.5/commons-lang3-3.5.jar:/home/ethan/.m2/repository/commons-beanutils/commons-beanutils/1.9.3/commons-beanutils-1.9.3.jar:/home/ethan/.m2/repository/commons-logging/commons-logging/1.2/commons-logging-1.2.jar:/home/ethan/.m2/repository/commons-collections/commons-collections/3.2.2/commons-collections-3.2.2.jar:/home/ethan/.m2/repository/com/google/code/gson/gson/2.8.6/gson-2.8.6.jar:/home/ethan/.m2/repository/com/jayway/jsonpath/json-path/2.7.0/json-path-2.7.0.jar:/home/ethan/.m2/repository/net/minidev/json-smart/2.4.7/json-smart-2.4.7.jar:/home/ethan/.m2/repository/net/minidev/accessors-smart/2.4.7/accessors-smart-2.4.7.jar:/home/ethan/.m2/repository/org/ow2/asm/asm/9.1/asm-9.1.jar:/home/ethan/.m2/repository/org/slf4j/slf4j-api/1.7.33/slf4j-api-1.7.33.jar:/home/ethan/.m2/repository/org/webjars/npm/jsonpath-plus/6.0.1/jsonpath-plus-6.0.1.jar:/home/ethan/.m2/repository/com/jayway/jsonpath/json-path-assert/2.7.0/json-path-assert-2.7.0.jar:/home/ethan/.m2/repository/org/hamcrest/hamcrest/2.2/hamcrest-2.2.jar:/home/ethan/.m2/repository/org/webjars/npm/destr/1.1.1/destr-1.1.1.jar:/home/ethan/.m2/repository/com/noenv/vertx-jsonpath/4.3.5/vertx-jsonpath-4.3.5.jar:/home/ethan/.m2/repository/io/vertx/vertx-core/4.3.5/vertx-core-4.3.5.jar:/home/ethan/.m2/repository/io/netty/netty-common/4.1.85.Final/netty-common-4.1.85.Final.jar:/home/ethan/.m2/repository/io/netty/netty-buffer/4.1.85.Final/netty-buffer-4.1.85.Final.jar:/home/ethan/.m2/repository/io/netty/netty-transport/4.1.85.Final/netty-transport-4.1.85.Final.jar:/home/ethan/.m2/repository/io/netty/netty-handler/4.1.85.Final/netty-handler-4.1.85.Final.jar:/home/ethan/.m2/repository/io/netty/netty-transport-native-unix-common/4.1.85.Final/netty-transport-native-unix-common-4.1.85.Final.jar:/home/ethan/.m2/repository/io/netty/netty-codec/4.1.85.Final/netty-codec-4.1.85.Final.jar:/home/ethan/.m2/repository/io/netty/netty-handler-proxy/4.1.85.Final/netty-handler-proxy-4.1.85.Final.jar:/home/ethan/.m2/repository/io/netty/netty-codec-socks/4.1.85.Final/netty-codec-socks-4.1.85.Final.jar:/home/ethan/.m2/repository/io/netty/netty-codec-http/4.1.85.Final/netty-codec-http-4.1.85.Final.jar:/home/ethan/.m2/repository/io/netty/netty-codec-http2/4.1.85.Final/netty-codec-http2-4.1.85.Final.jar:/home/ethan/.m2/repository/io/netty/netty-resolver/4.1.85.Final/netty-resolver-4.1.85.Final.jar:/home/ethan/.m2/repository/io/netty/netty-resolver-dns/4.1.85.Final/netty-resolver-dns-4.1.85.Final.jar:/home/ethan/.m2/repository/io/netty/netty-codec-dns/4.1.85.Final/netty-codec-dns-4.1.85.Final.jar:/home/ethan/.m2/repository/com/fasterxml/jackson/core/jackson-core/2.14.0/jackson-core-2.14.0.jar:/home/ethan/.m2/repository/org/webjars/jsonary/0.0.17/jsonary-0.0.17.jar:/home/ethan/.m2/repository/com/github/jsurfer/jsurfer-jsonsimple/1.6.3/jsurfer-jsonsimple-1.6.3.jar:/home/ethan/.m2/repository/com/github/jsurfer/jsurfer-core/1.6.3/jsurfer-core-1.6.3.jar:/home/ethan/.m2/repository/com/googlecode/json-simple/json-simple/1.1.1/json-simple-1.1.1.jar:/home/ethan/.m2/repository/junit/junit/4.10/junit-4.10.jar:/home/ethan/.m2/repository/org/hamcrest/hamcrest-core/1.1/hamcrest-core-1.1.jar:/home/ethan/.m2/repository/com/github/jsurfer/jsurfer-simple/1.2.5/jsurfer-simple-1.2.5.jar:/home/ethan/.m2/repository/org/antlr/antlr4-runtime/4.5.1/antlr4-runtime-4.5.1.jar:/home/ethan/.m2/repository/ca/szc/maven/jsonpath-maven-plugin/1.2.0/jsonpath-maven-plugin-1.2.0.jar:/home/ethan/.m2/repository/com/fasterxml/jackson/core/jackson-databind/2.10.3/jackson-databind-2.10.3.jar:/home/ethan/.m2/repository/com/fasterxml/jackson/core/jackson-annotations/2.10.3/jackson-annotations-2.10.3.jar:/home/ethan/.m2/repository/com/github/jsurfer/jsurfer-all/1.6.3/jsurfer-all-1.6.3.jar:/home/ethan/.m2/repository/com/github/jsurfer/jsurfer-fastjson/1.6.3/jsurfer-fastjson-1.6.3.jar:/home/ethan/.m2/repository/com/alibaba/fastjson/1.2.76/fastjson-1.2.76.jar:/home/ethan/.m2/repository/com/github/jsurfer/jsurfer-gson/1.6.3/jsurfer-gson-1.6.3.jar:/home/ethan/.m2/repository/com/github/jsurfer/jsurfer-jackson/1.6.3/jsurfer-jackson-1.6.3.jar:/home/ethan/.m2/repository/com/fasterxml/jackson/dataformat/jackson-dataformat-cbor/2.12.4/jackson-dataformat-cbor-2.12.4.jar:/home/ethan/.m2/repository/com/fasterxml/jackson/dataformat/jackson-dataformat-smile/2.12.4/jackson-dataformat-smile-2.12.4.jar:/home/ethan/.m2/repository/com/fasterxml/jackson/dataformat/jackson-dataformat-ion/2.12.4/jackson-dataformat-ion-2.12.4.jar:/home/ethan/.m2/repository/com/amazon/ion/ion-java/1.4.0/ion-java-1.4.0.jar:/home/ethan/.m2/repository/com/fasterxml/jackson/dataformat/jackson-dataformat-protobuf/2.12.4/jackson-dataformat-protobuf-2.12.4.jar:/home/ethan/.m2/repository/com/squareup/protoparser/4.0.3/protoparser-4.0.3.jar:/home/ethan/.m2/repository/com/fasterxml/jackson/dataformat/jackson-dataformat-avro/2.12.4/jackson-dataformat-avro-2.12.4.jar:/home/ethan/.m2/repository/org/apache/avro/avro/1.8.2/avro-1.8.2.jar:/home/ethan/.m2/repository/org/codehaus/jackson/jackson-core-asl/1.9.13/jackson-core-asl-1.9.13.jar:/home/ethan/.m2/repository/org/codehaus/jackson/jackson-mapper-asl/1.9.13/jackson-mapper-asl-1.9.13.jar:/home/ethan/.m2/repository/com/thoughtworks/paranamer/paranamer/2.7/paranamer-2.7.jar:/home/ethan/.m2/repository/org/xerial/snappy/snappy-java/1.1.1.3/snappy-java-1.1.1.3.jar:/home/ethan/.m2/repository/org/apache/commons/commons-compress/1.8.1/commons-compress-1.8.1.jar:/home/ethan/.m2/repository/org/tukaani/xz/1.5/xz-1.5.jar:"/>
    <property name="sun.awt.enableExtraMouseButtons" value="true"/>
    <property name="java.vm.vendor" value="Private Build"/>
    <property name="sun.arch.data.model" value="64"/>
    <property name="java.vendor.url" value="Unknown"/>
    <property name="os.name" value="Linux"/>
    <property name="java.vm.specification.version" value="18"/>
    <property name="sun.java.launcher" value="SUN_STANDARD"/>
    <property name="user.country" value="FR"/>
    <property name="sun.boot.library.path" value="/usr/lib/jvm/java-18-openjdk-amd64/lib"/>
    <property name="sun.java.command" value="/home/ethan/visiteurDuMatin/target/surefire/surefirebooter3468318779762944826.jar /home/ethan/visiteurDuMatin/target/surefire 2022-12-05T15-50-23_611-jvmRun1 surefire2414258517626548115tmp surefire_016240682740734034329tmp"/>
    <property name="jdk.debug" value="release"/>
    <property name="surefire.test.class.path" value="/home/ethan/visiteurDuMatin/target/test-classes:/home/ethan/visiteurDuMatin/target/classes:/home/ethan/.m2/repository/org/mockito/mockito-junit-jupiter/4.8.0/mockito-junit-jupiter-4.8.0.jar:/home/ethan/.m2/repository/org/mockito/mockito-core/4.8.0/mockito-core-4.8.0.jar:/home/ethan/.m2/repository/net/bytebuddy/byte-buddy/1.12.14/byte-buddy-1.12.14.jar:/home/ethan/.m2/repository/net/bytebuddy/byte-buddy-agent/1.12.14/byte-buddy-agent-1.12.14.jar:/home/ethan/.m2/repository/org/objenesis/objenesis/3.2/objenesis-3.2.jar:/home/ethan/.m2/repository/org/glassfish/javax.json/1.1.4/javax.json-1.1.4.jar:/home/ethan/.m2/repository/org/junit/jupiter/junit-jupiter-api/5.9.0/junit-jupiter-api-5.9.0.jar:/home/ethan/.m2/repository/org/opentest4j/opentest4j/1.2.0/opentest4j-1.2.0.jar:/home/ethan/.m2/repository/org/junit/platform/junit-platform-commons/1.9.0/junit-platform-commons-1.9.0.jar:/home/ethan/.m2/repository/org/apiguardian/apiguardian-api/1.1.2/apiguardian-api-1.1.2.jar:/home/ethan/.m2/repository/org/junit/jupiter/junit-jupiter-engine/5.9.0/junit-jupiter-engine-5.9.0.jar:/home/ethan/.m2/repository/org/junit/platform/junit-platform-engine/1.9.0/junit-platform-engine-1.9.0.jar:/home/ethan/.m2/repository/org/webjars/npm/jsonparse/1.3.1/jsonparse-1.3.1.jar:/home/ethan/.m2/repository/com/github/ramalapure/json-parser/1.1/json-parser-1.1.jar:/home/ethan/.m2/repository/org/apache/metamodel/MetaModel-core/5.3.0/MetaModel-core-5.3.0.jar:/home/ethan/.m2/repository/org/apache/metamodel/MetaModel-csv/5.3.0/MetaModel-csv-5.3.0.jar:/home/ethan/.m2/repository/com/opencsv/opencsv/3.9/opencsv-3.9.jar:/home/ethan/.m2/repository/org/apache/commons/commons-lang3/3.5/commons-lang3-3.5.jar:/home/ethan/.m2/repository/commons-beanutils/commons-beanutils/1.9.3/commons-beanutils-1.9.3.jar:/home/ethan/.m2/repository/commons-logging/commons-logging/1.2/commons-logging-1.2.jar:/home/ethan/.m2/repository/commons-collections/commons-collections/3.2.2/commons-collections-3.2.2.jar:/home/ethan/.m2/repository/com/google/code/gson/gson/2.8.6/gson-2.8.6.jar:/home/ethan/.m2/repository/com/jayway/jsonpath/json-path/2.7.0/json-path-2.7.0.jar:/home/ethan/.m2/repository/net/minidev/json-smart/2.4.7/json-smart-2.4.7.jar:/home/ethan/.m2/repository/net/minidev/accessors-smart/2.4.7/accessors-smart-2.4.7.jar:/home/ethan/.m2/repository/org/ow2/asm/asm/9.1/asm-9.1.jar:/home/ethan/.m2/repository/org/slf4j/slf4j-api/1.7.33/slf4j-api-1.7.33.jar:/home/ethan/.m2/repository/org/webjars/npm/jsonpath-plus/6.0.1/jsonpath-plus-6.0.1.jar:/home/ethan/.m2/repository/com/jayway/jsonpath/json-path-assert/2.7.0/json-path-assert-2.7.0.jar:/home/ethan/.m2/repository/org/hamcrest/hamcrest/2.2/hamcrest-2.2.jar:/home/ethan/.m2/repository/org/webjars/npm/destr/1.1.1/destr-1.1.1.jar:/home/ethan/.m2/repository/com/noenv/vertx-jsonpath/4.3.5/vertx-jsonpath-4.3.5.jar:/home/ethan/.m2/repository/io/vertx/vertx-core/4.3.5/vertx-core-4.3.5.jar:/home/ethan/.m2/repository/io/netty/netty-common/4.1.85.Final/netty-common-4.1.85.Final.jar:/home/ethan/.m2/repository/io/netty/netty-buffer/4.1.85.Final/netty-buffer-4.1.85.Final.jar:/home/ethan/.m2/repository/io/netty/netty-transport/4.1.85.Final/netty-transport-4.1.85.Final.jar:/home/ethan/.m2/repository/io/netty/netty-handler/4.1.85.Final/netty-handler-4.1.85.Final.jar:/home/ethan/.m2/repository/io/netty/netty-transport-native-unix-common/4.1.85.Final/netty-transport-native-unix-common-4.1.85.Final.jar:/home/ethan/.m2/repository/io/netty/netty-codec/4.1.85.Final/netty-codec-4.1.85.Final.jar:/home/ethan/.m2/repository/io/netty/netty-handler-proxy/4.1.85.Final/netty-handler-proxy-4.1.85.Final.jar:/home/ethan/.m2/repository/io/netty/netty-codec-socks/4.1.85.Final/netty-codec-socks-4.1.85.Final.jar:/home/ethan/.m2/repository/io/netty/netty-codec-http/4.1.85.Final/netty-codec-http-4.1.85.Final.jar:/home/ethan/.m2/repository/io/netty/netty-codec-http2/4.1.85.Final/netty-codec-http2-4.1.85.Final.jar:/home/ethan/.m2/repository/io/netty/netty-resolver/4.1.85.Final/netty-resolver-4.1.85.Final.jar:/home/ethan/.m2/repository/io/netty/netty-resolver-dns/4.1.85.Final/netty-resolver-dns-4.1.85.Final.jar:/home/ethan/.m2/repository/io/netty/netty-codec-dns/4.1.85.Final/netty-codec-dns-4.1.85.Final.jar:/home/ethan/.m2/repository/com/fasterxml/jackson/core/jackson-core/2.14.0/jackson-core-2.14.0.jar:/home/ethan/.m2/repository/org/webjars/jsonary/0.0.17/jsonary-0.0.17.jar:/home/ethan/.m2/repository/com/github/jsurfer/jsurfer-jsonsimple/1.6.3/jsurfer-jsonsimple-1.6.3.jar:/home/ethan/.m2/repository/com/github/jsurfer/jsurfer-core/1.6.3/jsurfer-core-1.6.3.jar:/home/ethan/.m2/repository/com/googlecode/json-simple/json-simple/1.1.1/json-simple-1.1.1.jar:/home/ethan/.m2/repository/junit/junit/4.10/junit-4.10.jar:/home/ethan/.m2/repository/org/hamcrest/hamcrest-core/1.1/hamcrest-core-1.1.jar:/home/ethan/.m2/repository/com/github/jsurfer/jsurfer-simple/1.2.5/jsurfer-simple-1.2.5.jar:/home/ethan/.m2/repository/org/antlr/antlr4-runtime/4.5.1/antlr4-runtime-4.5.1.jar:/home/ethan/.m2/repository/ca/szc/maven/jsonpath-maven-plugin/1.2.0/jsonpath-maven-plugin-1.2.0.jar:/home/ethan/.m2/repository/com/fasterxml/jackson/core/jackson-databind/2.10.3/jackson-databind-2.10.3.jar:/home/ethan/.m2/repository/com/fasterxml/jackson/core/jackson-annotations/2.10.3/jackson-annotations-2.10.3.jar:/home/ethan/.m2/repository/com/github/jsurfer/jsurfer-all/1.6.3/jsurfer-all-1.6.3.jar:/home/ethan/.m2/repository/com/github/jsurfer/jsurfer-fastjson/1.6.3/jsurfer-fastjson-1.6.3.jar:/home/ethan/.m2/repository/com/alibaba/fastjson/1.2.76/fastjson-1.2.76.jar:/home/ethan/.m2/repository/com/github/jsurfer/jsurfer-gson/1.6.3/jsurfer-gson-1.6.3.jar:/home/ethan/.m2/repository/com/github/jsurfer/jsurfer-jackson/1.6.3/jsurfer-jackson-1.6.3.jar:/home/ethan/.m2/repository/com/fasterxml/jackson/dataformat/jackson-dataformat-cbor/2.12.4/jackson-dataformat-cbor-2.12.4.jar:/home/ethan/.m2/repository/com/fasterxml/jackson/dataformat/jackson-dataformat-smile/2.12.4/jackson-dataformat-smile-2.12.4.jar:/home/ethan/.m2/repository/com/fasterxml/jackson/dataformat/jackson-dataformat-ion/2.12.4/jackson-dataformat-ion-2.12.4.jar:/home/ethan/.m2/repository/com/amazon/ion/ion-java/1.4.0/ion-java-1.4.0.jar:/home/ethan/.m2/repository/com/fasterxml/jackson/dataformat/jackson-dataformat-protobuf/2.12.4/jackson-dataformat-protobuf-2.12.4.jar:/home/ethan/.m2/repository/com/squareup/protoparser/4.0.3/protoparser-4.0.3.jar:/home/ethan/.m2/repository/com/fasterxml/jackson/dataformat/jackson-dataformat-avro/2.12.4/jackson-dataformat-avro-2.12.4.jar:/home/ethan/.m2/repository/org/apache/avro/avro/1.8.2/avro-1.8.2.jar:/home/ethan/.m2/repository/org/codehaus/jackson/jackson-core-asl/1.9.13/jackson-core-asl-1.9.13.jar:/home/ethan/.m2/repository/org/codehaus/jackson/jackson-mapper-asl/1.9.13/jackson-mapper-asl-1.9.13.jar:/home/ethan/.m2/repository/com/thoughtworks/paranamer/paranamer/2.7/paranamer-2.7.jar:/home/ethan/.m2/repository/org/xerial/snappy/snappy-java/1.1.1.3/snappy-java-1.1.1.3.jar:/home/ethan/.m2/repository/org/apache/commons/commons-compress/1.8.1/commons-compress-1.8.1.jar:/home/ethan/.m2/repository/org/tukaani/xz/1.5/xz-1.5.jar:"/>
    <property name="sun.cpu.endian" value="little"/>
    <property name="user.home" value="/home/ethan"/>
    <property name="user.language" value="fr"/>
    <property name="java.specification.vendor" value="Oracle Corporation"/>
    <property name="java.version.date" value="2022-07-19"/>
    <property name="java.home" value="/usr/lib/jvm/java-18-openjdk-amd64"/>
    <property name="file.separator" value="/"/>
    <property name="basedir" value="/home/ethan/visiteurDuMatin"/>
    <property name="java.vm.compressedOopsMode" value="32-bit"/>
    <property name="line.separator" value="&#10;"/>
    <property name="java.vm.specification.vendor" value="Oracle Corporation"/>
    <property name="java.specification.name" value="Java Platform API Specification"/>
    <property name="surefire.real.class.path" value="/home/ethan/visiteurDuMatin/target/surefire/surefirebooter3468318779762944826.jar"/>
    <property name="sun.management.compiler" value="HotSpot 64-Bit Tiered Compilers"/>
    <property name="java.runtime.version" value="18.0.2-ea+9-Ubuntu-222.04"/>
    <property name="user.name" value="ethan"/>
    <property name="path.separator" value=":"/>
    <property name="os.version" value="5.15.0-53-generic"/>
    <property name="java.runtime.name" value="OpenJDK Runtime Environment"/>
    <property name="file.encoding" value="UTF-8"/>
    <property name="java.vm.name" value="OpenJDK 64-Bit Server VM"/>
    <property name="localRepository" value="/home/ethan/.m2/repository"/>
    <property name="java.vendor.url.bug" value="Unknown"/>
    <property name="java.io.tmpdir" value="/tmp"/>
    <property name="java.version" value="18.0.2-ea"/>
    <property name="user.dir" value="/home/ethan/visiteurDuMatin"/>
    <property name="os.arch" value="amd64"/>
    <property name="java.vm.specification.name" value="Java Virtual Machine Specification"/>
    <property name="native.encoding" value="UTF-8"/>
    <property name="java.library.path" value="/usr/java/packages/lib:/usr/lib/x86_64-linux-gnu/jni:/lib/x86_64-linux-gnu:/usr/lib/x86_64-linux-gnu:/usr/lib/jni:/lib:/usr/lib"/>
    <property name="java.vm.info" value="mixed mode, sharing"/>
    <property name="java.vendor" value="Private Build"/>
    <property name="java.vm.version" value="18.0.2-ea+9-Ubuntu-222.04"/>
    <property name="sun.io.unicode.encoding" value="UnicodeLittle"/>
    <property name="java.class.version" value="62.0"/>
  </properties>
  <testcase name="test_getters" classname="edu.uga.miage.m1.polygons.gui.shapes.SquareTest" time="0"/>
</testsuite>